<?xml version="1.0" encoding="UTF-8"?>
<!-- Generated by org.testng.reporters.JUnitXMLReporter -->
<testsuite ignored="4" hostname="sravankumarc" failures="0" tests="3" name="ChromeTest" time="58.993" errors="0" timestamp="2023-02-06T19:18:39 IST">
  <testcase classname="com.group.Batch3Test" name="cretOr" time="22.129"/>
  <testcase classname="com.group.Batch1Test" name="cretOr" time="23.797"/>
  <testcase classname="com.group.Batch2Test" name="cretOr" time="23.317"/>
  <testcase classname="utilities.BaseC" name="@BeforeSuite connectToDB" time="0.0">
    <ignored/>
  </testcase> <!-- @BeforeSuite connectToDB -->
  <testcase classname="utilities.BaseC" name="@BeforeSuite connectToDB" time="0.0">
    <ignored/>
  </testcase> <!-- @BeforeSuite connectToDB -->
  <testcase classname="utilities.BaseC" name="@AfterSuite disconnectToDB" time="0.0">
    <ignored/>
  </testcase> <!-- @AfterSuite disconnectToDB -->
  <testcase classname="utilities.BaseC" name="@AfterSuite disconnectToDB" time="0.0">
    <ignored/>
  </testcase> <!-- @AfterSuite disconnectToDB -->
</testsuite> <!-- ChromeTest -->
