<?xml version="1.0" encoding="UTF-8"?>
<!-- Generated by org.testng.reporters.JUnitXMLReporter -->
<testsuite ignored="4" hostname="sravankumarc" failures="0" tests="3" name="EdgeTest" time="41.949" errors="0" timestamp="2023-02-06T19:19:21 IST">
  <testcase classname="com.group.Batch1Test" name="cretOr" time="24.783"/>
  <testcase classname="com.group.Batch3Test" name="cretOr" time="21.897"/>
  <testcase classname="com.group.Batch2Test" name="cretOr" time="24.415"/>
  <testcase classname="utilities.BaseC" name="@BeforeSuite connectToDB" time="0.0">
    <ignored/>
  </testcase> <!-- @BeforeSuite connectToDB -->
  <testcase classname="utilities.BaseC" name="@BeforeSuite connectToDB" time="0.0">
    <ignored/>
  </testcase> <!-- @BeforeSuite connectToDB -->
  <testcase classname="utilities.BaseC" name="@AfterSuite disconnectToDB" time="0.0">
    <ignored/>
  </testcase> <!-- @AfterSuite disconnectToDB -->
  <testcase classname="utilities.BaseC" name="@AfterSuite disconnectToDB" time="0.0">
    <ignored/>
  </testcase> <!-- @AfterSuite disconnectToDB -->
</testsuite> <!-- EdgeTest -->
