<?xml version="1.0" encoding="UTF-8"?>
<!-- Generated by org.testng.reporters.JUnitXMLReporter -->
<testsuite ignored="4" hostname="sravankumarc" failures="0" tests="3" name="Test" time="40.449" errors="0" timestamp="2023-02-06T19:08:00 IST">
  <testcase classname="com.group.Batch1Test" name="cretOr" time="22.139"/>
  <testcase classname="com.group.Batch3Test" name="cretOr" time="19.531"/>
  <testcase classname="com.group.Batch2Test" name="cretOr" time="21.192"/>
  <testcase classname="utilities.BaseC" name="@BeforeSuite connectToDB" time="0.0">
    <ignored/>
  </testcase> <!-- @BeforeSuite connectToDB -->
  <testcase classname="utilities.BaseC" name="@BeforeSuite connectToDB" time="0.0">
    <ignored/>
  </testcase> <!-- @BeforeSuite connectToDB -->
  <testcase classname="utilities.BaseC" name="@AfterSuite disconnectToDB" time="0.0">
    <ignored/>
  </testcase> <!-- @AfterSuite disconnectToDB -->
  <testcase classname="utilities.BaseC" name="@AfterSuite disconnectToDB" time="0.0">
    <ignored/>
  </testcase> <!-- @AfterSuite disconnectToDB -->
</testsuite> <!-- Test -->
