<?xml version="1.0" encoding="UTF-8"?>
<!-- Generated by org.testng.reporters.JUnitXMLReporter -->
<testsuite ignored="5" hostname="sravankumarc" failures="0" tests="2" name="Test" time="36.48" errors="0" timestamp="2023-02-06T19:05:23 IST">
  <testcase classname="com.group.Batch1Test" name="cretOr" time="17.618"/>
  <testcase classname="com.group.Batch2Test" name="cretOr" time="18.279"/>
  <testcase classname="utilities.BaseC" name="@BeforeSuite connectToDB" time="0.0">
    <ignored/>
  </testcase> <!-- @BeforeSuite connectToDB -->
  <testcase classname="utilities.BaseC" name="@BeforeSuite connectToDB" time="0.0">
    <ignored/>
  </testcase> <!-- @BeforeSuite connectToDB -->
  <testcase classname="com.group.Batch3Test" name="cretOr" time="0.0">
    <ignored/>
  </testcase> <!-- cretOr -->
  <testcase classname="utilities.BaseC" name="@AfterSuite disconnectToDB" time="0.0">
    <ignored/>
  </testcase> <!-- @AfterSuite disconnectToDB -->
  <testcase classname="utilities.BaseC" name="@AfterSuite disconnectToDB" time="0.0">
    <ignored/>
  </testcase> <!-- @AfterSuite disconnectToDB -->
</testsuite> <!-- Test -->
