<?xml version="1.0" encoding="UTF-8"?>
<testng-results ignored="0" total="1" passed="1" failed="0" skipped="0">
  <reporter-output>
  </reporter-output>
  <suite started-at="2023-02-07T10:27:01 IST" name="Default suite" finished-at="2023-02-07T10:27:08 IST" duration-ms="6383">
    <groups>
    </groups>
    <test started-at="2023-02-07T10:27:01 IST" name="Default test" finished-at="2023-02-07T10:27:08 IST" duration-ms="6383">
      <class name="com.group.ExtentRepo">
        <test-method signature="createRepo()[pri:0, instance:com.group.ExtentRepo@5d0a1059]" started-at="2023-02-07T10:27:01 IST" name="createRepo" finished-at="2023-02-07T10:27:08 IST" duration-ms="6330" status="PASS">
          <reporter-output>
          </reporter-output>
        </test-method> <!-- createRepo -->
      </class> <!-- com.group.ExtentRepo -->
    </test> <!-- Default test -->
  </suite> <!-- Default suite -->
</testng-results>
